0 info it worked if it ends with ok
1 verbose cli [ 'D:\\Program Files\\nodejs\\node.exe',
1 verbose cli   'D:\\Program Files\\nodejs\\node_modules\\npm\\bin\\npm-cli.js',
1 verbose cli   'install',
1 verbose cli   'hdjs' ]
2 info using npm@3.10.10
3 info using node@v6.10.0
4 silly loadCurrentTree Starting
5 silly install loadCurrentTree
6 silly install readLocalPackageData
7 silly fetchPackageMetaData hdjs
8 silly fetchNamedPackageData hdjs
9 silly mapToRegistry name hdjs
10 silly mapToRegistry using default registry
11 silly mapToRegistry registry https://registry.npmjs.org/
12 silly mapToRegistry data Result {
12 silly mapToRegistry   raw: 'hdjs',
12 silly mapToRegistry   scope: null,
12 silly mapToRegistry   escapedName: 'hdjs',
12 silly mapToRegistry   name: 'hdjs',
12 silly mapToRegistry   rawSpec: '',
12 silly mapToRegistry   spec: 'latest',
12 silly mapToRegistry   type: 'tag' }
13 silly mapToRegistry uri https://registry.npmjs.org/hdjs
14 verbose request uri https://registry.npmjs.org/hdjs
15 verbose request no auth needed
16 info attempt registry request try #1 at 18:51:23
17 verbose request id b722480f1c2d003b
18 verbose etag W/"58efc64a-6bfe"
19 verbose lastModified Thu, 13 Apr 2017 18:41:14 GMT
20 http request GET https://registry.npmjs.org/hdjs
21 http 304 https://registry.npmjs.org/hdjs
22 verbose headers { date: 'Mon, 10 Jul 2017 10:51:38 GMT',
22 verbose headers   via: '1.1 varnish',
22 verbose headers   'cache-control': 'max-age=300',
22 verbose headers   etag: 'W/"58efc64a-6bfe"',
22 verbose headers   age: '0',
22 verbose headers   connection: 'keep-alive',
22 verbose headers   'x-served-by': 'cache-nrt6127-NRT',
22 verbose headers   'x-cache': 'MISS',
22 verbose headers   'x-cache-hits': '0',
22 verbose headers   'x-timer': 'S1499683898.018677,VS0,VE132',
22 verbose headers   vary: 'Accept-Encoding, Accept' }
23 silly get cb [ 304,
23 silly get   { date: 'Mon, 10 Jul 2017 10:51:38 GMT',
23 silly get     via: '1.1 varnish',
23 silly get     'cache-control': 'max-age=300',
23 silly get     etag: 'W/"58efc64a-6bfe"',
23 silly get     age: '0',
23 silly get     connection: 'keep-alive',
23 silly get     'x-served-by': 'cache-nrt6127-NRT',
23 silly get     'x-cache': 'MISS',
23 silly get     'x-cache-hits': '0',
23 silly get     'x-timer': 'S1499683898.018677,VS0,VE132',
23 silly get     vary: 'Accept-Encoding, Accept' } ]
24 verbose etag https://registry.npmjs.org/hdjs from cache
25 verbose get saving hdjs to C:\Users\Administrator\AppData\Roaming\npm-cache\registry.npmjs.org\hdjs\.cache.json
26 verbose correctMkdir C:\Users\Administrator\AppData\Roaming\npm-cache correctMkdir not in flight; initializing
27 silly install normalizeTree
28 silly loadCurrentTree Finishing
29 silly loadIdealTree Starting
30 silly install loadIdealTree
31 silly cloneCurrentTree Starting
32 silly install cloneCurrentTreeToIdealTree
33 silly cloneCurrentTree Finishing
34 silly loadShrinkwrap Starting
35 silly install loadShrinkwrap
36 silly loadShrinkwrap Finishing
37 silly loadAllDepsIntoIdealTree Starting
38 silly install loadAllDepsIntoIdealTree
39 silly resolveWithNewModule hdjs@1.2.5 checking installable status
40 silly cache add args [ 'hdjs', null ]
41 verbose cache add spec hdjs
42 silly cache add parsed spec Result {
42 silly cache add   raw: 'hdjs',
42 silly cache add   scope: null,
42 silly cache add   escapedName: 'hdjs',
42 silly cache add   name: 'hdjs',
42 silly cache add   rawSpec: '',
42 silly cache add   spec: 'latest',
42 silly cache add   type: 'tag' }
43 silly addNamed hdjs@latest
44 verbose addNamed "latest" is being treated as a dist-tag for hdjs
45 info addNameTag [ 'hdjs', 'latest' ]
46 silly mapToRegistry name hdjs
47 silly mapToRegistry using default registry
48 silly mapToRegistry registry https://registry.npmjs.org/
49 silly mapToRegistry data Result {
49 silly mapToRegistry   raw: 'hdjs',
49 silly mapToRegistry   scope: null,
49 silly mapToRegistry   escapedName: 'hdjs',
49 silly mapToRegistry   name: 'hdjs',
49 silly mapToRegistry   rawSpec: '',
49 silly mapToRegistry   spec: 'latest',
49 silly mapToRegistry   type: 'tag' }
50 silly mapToRegistry uri https://registry.npmjs.org/hdjs
51 verbose addNameTag registry:https://registry.npmjs.org/hdjs not in flight; fetching
52 verbose get https://registry.npmjs.org/hdjs not expired, no request
53 silly addNameTag next cb for hdjs with tag latest
54 silly addNamed hdjs@1.2.5
55 verbose addNamed "1.2.5" is a plain semver version for hdjs
56 silly mapToRegistry name hdjs
57 silly mapToRegistry using default registry
58 silly mapToRegistry registry https://registry.npmjs.org/
59 silly mapToRegistry data Result {
59 silly mapToRegistry   raw: 'hdjs',
59 silly mapToRegistry   scope: null,
59 silly mapToRegistry   escapedName: 'hdjs',
59 silly mapToRegistry   name: 'hdjs',
59 silly mapToRegistry   rawSpec: '',
59 silly mapToRegistry   spec: 'latest',
59 silly mapToRegistry   type: 'tag' }
60 silly mapToRegistry uri https://registry.npmjs.org/hdjs
61 verbose addRemoteTarball https://registry.npmjs.org/hdjs/-/hdjs-1.2.5.tgz not in flight; adding
62 verbose addRemoteTarball [ 'https://registry.npmjs.org/hdjs/-/hdjs-1.2.5.tgz',
62 verbose addRemoteTarball   '71afc5a3418c6b180b012f6ca9e23d893d2b0bf9' ]
63 verbose stack Error: kill ENOSYS
63 verbose stack     at exports._errnoException (util.js:1022:11)
63 verbose stack     at process.kill (internal/process.js:172:13)
63 verbose stack     at process.listener (D:\Program Files\nodejs\node_modules\npm\node_modules\npmlog\node_modules\gauge\node_modules\signal-exit\index.js:86:15)
63 verbose stack     at emitNone (events.js:91:20)
63 verbose stack     at process.emit (events.js:185:7)
63 verbose stack     at processEmit (D:\Program Files\nodejs\node_modules\npm\node_modules\npmlog\node_modules\gauge\node_modules\signal-exit\index.js:146:32)
63 verbose stack     at processEmit (D:\Program Files\nodejs\node_modules\npm\node_modules\npm-registry-client\node_modules\npmlog\node_modules\gauge\node_modules\signal-exit\index.js:146:32)
63 verbose stack     at Signal.wrap.onsignal (internal/process.js:199:44)
64 verbose cwd D:\phpStudy\WWW\c81PHP\cms
65 error Windows_NT 10.0.15063
66 error argv "D:\\Program Files\\nodejs\\node.exe" "D:\\Program Files\\nodejs\\node_modules\\npm\\bin\\npm-cli.js" "install" "hdjs"
67 error node v6.10.0
68 error npm  v3.10.10
69 error code ENOSYS
70 error errno ENOSYS
71 error syscall kill
72 error kill ENOSYS
73 error If you need help, you may report this error at:
73 error     <https://github.com/npm/npm/issues>
74 verbose exit [ 1, true ]
